[Wed Jun 13 10:28:29 2018] ::1:49666 [200]: /DrugFixerBox.php
[Wed Jun 13 10:28:43 2018] ::1:49667 [200]: /DrugFixerBox.php
[Wed Jun 13 10:28:58 2018] ::1:49668 [200]: /DrugFixerBox.php
[Wed Jun 13 10:29:17 2018] ::1:49669 [200]: /DrugFixerBox.php
[Wed Jun 13 10:30:09 2018] ::1:49671 [200]: /DrugFixerBox.php - Uncaught Error: Call to undefined function pspell_new() in /Users/jamesking/GoogleDrive/Dropbox/Files/Business/D2V/drugfixer/sourcecode/php/DrugFixerBox.php:18
Stack trace:
#0 {main}
  thrown in /Users/jamesking/GoogleDrive/Dropbox/Files/Business/D2V/drugfixer/sourcecode/php/DrugFixerBox.php on line 18
[Wed Jun 13 10:35:25 2018] ::1:49732 [200]: /DrugFixerBox.php - Uncaught Error: Call to undefined function pspell_new() in /Users/jamesking/GoogleDrive/Dropbox/Files/Business/D2V/drugfixer/sourcecode/php/DrugFixerBox.php:18
Stack trace:
#0 {main}
  thrown in /Users/jamesking/GoogleDrive/Dropbox/Files/Business/D2V/drugfixer/sourcecode/php/DrugFixerBox.php on line 18
[Wed Jun 13 10:35:49 2018] ::1:49734 [200]: /DrugFixerBox.php
[Wed Jun 13 10:35:54 2018] ::1:49736 [200]: /DrugFixerBox.php
[Wed Jun 13 10:36:03 2018] ::1:49737 [200]: /DrugFixerBox.php
[Wed Jun 13 10:36:18 2018] ::1:49738 [200]: /DrugFixerBox.php
[Wed Jun 13 10:36:32 2018] ::1:49739 [200]: /DrugFixerBox.php
[Wed Jun 13 10:36:36 2018] ::1:49740 [200]: /DrugFixerBox.php
[Wed Jun 13 10:36:39 2018] ::1:49741 [200]: /DrugFixerBox.php
[Wed Jun 13 10:36:46 2018] ::1:49742 [200]: /DrugFixerBox.php
[Wed Jun 13 10:37:17 2018] ::1:49746 [200]: /DrugFixerBox.php - Uncaught Error: Call to undefined function pspell_new() in /Users/jamesking/GoogleDrive/Dropbox/Files/Business/D2V/drugfixer/sourcecode/php/DrugFixerBox.php:18
Stack trace:
#0 {main}
  thrown in /Users/jamesking/GoogleDrive/Dropbox/Files/Business/D2V/drugfixer/sourcecode/php/DrugFixerBox.php on line 18
[Wed Jun 13 10:41:12 2018] ::1:49752 [200]: /DrugFixerBox.php - Uncaught Error: Call to undefined function pspell_new() in /Users/jamesking/GoogleDrive/Dropbox/Files/Business/D2V/drugfixer/sourcecode/php/DrugFixerBox.php:18
Stack trace:
#0 {main}
  thrown in /Users/jamesking/GoogleDrive/Dropbox/Files/Business/D2V/drugfixer/sourcecode/php/DrugFixerBox.php on line 18
[Wed Jun 13 10:41:16 2018] ::1:49754 [200]: /DrugFixerBox.php - Uncaught Error: Call to undefined function pspell_new() in /Users/jamesking/GoogleDrive/Dropbox/Files/Business/D2V/drugfixer/sourcecode/php/DrugFixerBox.php:18
Stack trace:
#0 {main}
  thrown in /Users/jamesking/GoogleDrive/Dropbox/Files/Business/D2V/drugfixer/sourcecode/php/DrugFixerBox.php on line 18
[Wed Jun 13 10:41:20 2018] ::1:49755 [200]: /DrugFixerBox.php - Uncaught Error: Call to undefined function pspell_new() in /Users/jamesking/GoogleDrive/Dropbox/Files/Business/D2V/drugfixer/sourcecode/php/DrugFixerBox.php:18
Stack trace:
#0 {main}
  thrown in /Users/jamesking/GoogleDrive/Dropbox/Files/Business/D2V/drugfixer/sourcecode/php/DrugFixerBox.php on line 18
[Wed Jun 13 10:41:33 2018] ::1:49756 [200]: /DrugFixerBox.php
[Wed Jun 13 10:42:25 2018] ::1:49758 [200]: /DrugFixerBox.php
[Wed Jun 13 10:46:13 2018] ::1:49762 [200]: /DrugFixerBox.php - syntax error, unexpected '<' in /Users/jamesking/GoogleDrive/Dropbox/Files/Business/D2V/drugfixer/sourcecode/php/DrugFixerBox.php on line 10
[Wed Jun 13 10:47:00 2018] ::1:49766 [200]: /DrugFixerBox.php
[Wed Jun 13 10:47:38 2018] ::1:49769 [200]: /DrugFixerBox.php - syntax error, unexpected '>' in /Users/jamesking/GoogleDrive/Dropbox/Files/Business/D2V/drugfixer/sourcecode/php/DrugFixerBox.php on line 23
[Wed Jun 13 10:47:55 2018] ::1:49771 [200]: /DrugFixerBox.php
[Wed Jun 13 10:48:00 2018] ::1:49772 [200]: /DrugFixerBox.php
[Wed Jun 13 10:48:40 2018] ::1:49787 [200]: /DrugFixerBox.php
[Wed Jun 13 10:48:47 2018] ::1:49789 [200]: /DrugFixerBox.php
[Wed Jun 13 10:48:47 2018] ::1:49790 [404]: /favicon.ico - No such file or directory
[Wed Jun 13 10:48:47 2018] ::1:49791 [404]: /favicon.ico - No such file or directory
[Wed Jun 13 10:48:52 2018] ::1:49794 [200]: /DrugFixerBox.php
[Wed Jun 13 10:49:51 2018] ::1:49803 [200]: /DrugFixerBox.php?fixword=bigbird
[Wed Jun 13 10:50:16 2018] ::1:49811 [200]: /DrugFixerBox.php
[Wed Jun 13 10:51:20 2018] ::1:49813 [200]: /DrugFixerBox.php
[Wed Jun 13 10:51:25 2018] ::1:49814 [200]: /DrugFixerBox.php
[Wed Jun 13 10:51:31 2018] ::1:49815 [200]: /DrugFixerBox.php
[Wed Jun 13 10:52:07 2018] ::1:49816 [200]: /DrugFixerBox.php
[Wed Jun 13 10:54:56 2018] ::1:49866 [200]: /DrugFixerBox.php - syntax error, unexpected '(', expecting variable (T_VARIABLE) or '{' or '$' in /Users/jamesking/GoogleDrive/Dropbox/Files/Business/D2V/drugfixer/sourcecode/php/DrugFixerBox.php on line 59
[Wed Jun 13 10:55:08 2018] ::1:49867 [200]: /DrugFixerBox.php - syntax error, unexpected '(', expecting variable (T_VARIABLE) or '{' or '$' in /Users/jamesking/GoogleDrive/Dropbox/Files/Business/D2V/drugfixer/sourcecode/php/DrugFixerBox.php on line 59
[Wed Jun 13 10:56:17 2018] ::1:49868 [200]: /DrugFixerBox.php - Uncaught Error: Call to undefined function focus() in /Users/jamesking/GoogleDrive/Dropbox/Files/Business/D2V/drugfixer/sourcecode/php/DrugFixerBox.php:60
Stack trace:
#0 {main}
  thrown in /Users/jamesking/GoogleDrive/Dropbox/Files/Business/D2V/drugfixer/sourcecode/php/DrugFixerBox.php on line 60
[Wed Jun 13 10:56:46 2018] ::1:49869 [200]: /DrugFixerBox.php - syntax error, unexpected '(', expecting variable (T_VARIABLE) or '{' or '$' in /Users/jamesking/GoogleDrive/Dropbox/Files/Business/D2V/drugfixer/sourcecode/php/DrugFixerBox.php on line 60
[Wed Jun 13 10:57:06 2018] ::1:49873 [200]: /DrugFixerBox.php - syntax error, unexpected '(', expecting variable (T_VARIABLE) or '{' or '$' in /Users/jamesking/GoogleDrive/Dropbox/Files/Business/D2V/drugfixer/sourcecode/php/DrugFixerBox.php on line 60
[Wed Jun 13 10:59:12 2018] ::1:49879 [200]: /DrugFixerBox.php - syntax error, unexpected '(', expecting variable (T_VARIABLE) or '{' or '$' in /Users/jamesking/GoogleDrive/Dropbox/Files/Business/D2V/drugfixer/sourcecode/php/DrugFixerBox.php on line 60
[Wed Jun 13 11:00:22 2018] ::1:49937 [200]: /DrugFixerBox.php - syntax error, unexpected '(', expecting variable (T_VARIABLE) or '{' or '$' in /Users/jamesking/GoogleDrive/Dropbox/Files/Business/D2V/drugfixer/sourcecode/php/DrugFixerBox.php on line 60
[Wed Jun 13 11:00:56 2018] ::1:49938 [200]: /DrugFixerBox.php - syntax error, unexpected '(', expecting variable (T_VARIABLE) or '{' or '$' in /Users/jamesking/GoogleDrive/Dropbox/Files/Business/D2V/drugfixer/sourcecode/php/DrugFixerBox.php on line 60
[Wed Jun 13 11:03:16 2018] ::1:50141 [200]: /DrugFixerBox.php
[Wed Jun 13 11:03:19 2018] ::1:50145 [200]: /DrugFixerBox.php
[Wed Jun 13 11:03:43 2018] ::1:50149 [200]: /DrugFixerBox.php
[Wed Jun 13 11:03:52 2018] ::1:50151 [200]: /DrugFixerBox.php
[Wed Jun 13 11:03:59 2018] ::1:50152 [200]: /DrugFixerBox.php
[Wed Jun 13 11:09:16 2018] ::1:50596 [200]: /DrugFixerBox.php - syntax error, unexpected 'autofocus' (T_STRING), expecting ',' or ';' in /Users/jamesking/GoogleDrive/Dropbox/Files/Business/D2V/drugfixer/sourcecode/php/DrugFixerBox.php on line 26
[Wed Jun 13 11:09:52 2018] ::1:50612 [200]: /DrugFixerBox.php
[Wed Jun 13 11:09:57 2018] ::1:50613 [200]: /DrugFixerBox.php
[Wed Jun 13 11:10:02 2018] ::1:50615 [200]: /DrugFixerBox.php
[Wed Jun 13 11:10:28 2018] ::1:50616 [200]: /DrugFixerBox.php
[Wed Jun 13 11:10:34 2018] ::1:50617 [200]: /DrugFixerBox.php
[Wed Jun 13 11:10:49 2018] ::1:50619 [200]: /DrugFixerBox.php
[Wed Jun 13 11:10:55 2018] ::1:50620 [200]: /DrugFixerBox.php
[Wed Jun 13 11:11:07 2018] ::1:50621 [200]: /DrugFixerBox.php
[Wed Jun 13 11:11:29 2018] ::1:50622 [200]: /DrugFixerBox.php
[Wed Jun 13 11:11:41 2018] ::1:50623 [200]: /DrugFixerBox.php
[Wed Jun 13 11:14:15 2018] ::1:50627 [200]: /DrugFixerBox.php
[Wed Jun 13 11:14:25 2018] ::1:50628 [200]: /DrugFixerBox.php
[Wed Jun 13 11:14:31 2018] ::1:50629 [200]: /DrugFixerBox.php
[Wed Jun 13 11:14:34 2018] ::1:50630 [200]: /DrugFixerBox.php
[Wed Jun 13 11:14:40 2018] ::1:50632 [200]: /DrugFixerBox.php
[Wed Jun 13 11:14:45 2018] ::1:50633 [200]: /DrugFixerBox.php
[Wed Jun 13 11:14:55 2018] ::1:50634 [200]: /DrugFixerBox.php
[Wed Jun 13 11:15:05 2018] ::1:50635 [200]: /DrugFixerBox.php
[Wed Jun 13 12:22:16 2018] ::1:51704 [200]: /DrugFixerBox.php
[Wed Jun 13 12:22:37 2018] ::1:51705 [200]: /DrugFixerBox.php
[Wed Jun 13 12:23:12 2018] ::1:51706 [200]: /DrugFixerBox.php
[Wed Jun 13 12:23:15 2018] ::1:51707 [200]: /DrugFixerBox.php
[Wed Jun 13 12:24:08 2018] ::1:51717 [200]: /DrugFixerBox.php
[Wed Jun 13 12:24:23 2018] ::1:51718 [200]: /DrugFixerBox.php
[Wed Jun 13 12:27:41 2018] ::1:51726 [200]: /DrugFixerBox.php
[Wed Jun 13 12:28:15 2018] ::1:51730 [200]: /DrugFixerBox.php
[Wed Jun 13 12:28:22 2018] ::1:51731 [200]: /DrugFixerBox.php
[Wed Jun 13 12:28:32 2018] ::1:51732 [200]: /DrugFixerBox.php
[Wed Jun 13 12:28:38 2018] ::1:51733 [200]: /DrugFixerBox.php
[Wed Jun 13 12:29:53 2018] ::1:51737 [200]: /DrugFixerBox.php
[Wed Jun 13 12:29:59 2018] ::1:51738 [200]: /DrugFixerBox.php
[Wed Jun 13 12:30:03 2018] ::1:51739 [200]: /DrugFixerBox.php
[Wed Jun 13 12:31:02 2018] ::1:51740 [200]: /DrugFixerBox.php
[Wed Jun 13 12:32:05 2018] ::1:51741 [200]: /DrugFixerBox.php
[Wed Jun 13 12:32:24 2018] ::1:51742 [200]: /DrugFixerBox.php
[Wed Jun 13 12:32:32 2018] ::1:51743 [200]: /DrugFixerBox.php
[Wed Jun 13 12:32:51 2018] ::1:51744 [200]: /DrugFixerBox.php
[Wed Jun 13 12:32:59 2018] ::1:51745 [200]: /DrugFixerBox.php
[Wed Jun 13 12:34:24 2018] ::1:51752 [404]: / - No such file or directory
[Wed Jun 13 12:34:32 2018] ::1:51753 [404]: /drugfixer.mov - No such file or directory
[Wed Jun 13 14:28:40 2018] ::1:52285 [200]: /DrugFixerBox.php
[Wed Jun 13 18:14:02 2018] ::1:53149 [200]: /DrugFixerBox.php
[Wed Jun 13 18:14:14 2018] ::1:53152 [200]: /DrugFixerBox.php
[Wed Jun 13 18:14:18 2018] ::1:53153 [200]: /DrugFixerBox.php
[Wed Jun 13 18:14:23 2018] ::1:53154 [200]: /DrugFixerBox.php
[Wed Jun 13 18:14:37 2018] ::1:53155 [200]: /DrugFixerBox.php
[Wed Jun 13 18:14:44 2018] ::1:53156 [200]: /DrugFixerBox.php
[Wed Jun 13 18:14:54 2018] ::1:53157 [200]: /DrugFixerBox.php
[Wed Jun 13 18:15:01 2018] ::1:53158 [200]: /DrugFixerBox.php
[Wed Jun 13 18:15:43 2018] ::1:53165 [200]: /DrugFixerBox.php
[Wed Jun 13 18:15:47 2018] ::1:53166 [200]: /DrugFixerBox.php
[Wed Jun 13 18:15:53 2018] ::1:53177 [200]: /DrugFixerBox.php
[Wed Jun 13 18:15:58 2018] ::1:53178 [200]: /DrugFixerBox.php
[Wed Jun 13 18:16:03 2018] ::1:53179 [200]: /DrugFixerBox.php
[Wed Jun 13 18:16:06 2018] ::1:53180 [200]: /DrugFixerBox.php
[Wed Jun 13 18:16:09 2018] ::1:53181 [200]: /DrugFixerBox.php
[Wed Jun 13 18:16:13 2018] ::1:53182 [200]: /DrugFixerBox.php
[Wed Jun 13 18:16:18 2018] ::1:53183 [200]: /DrugFixerBox.php
[Wed Jun 13 18:16:24 2018] ::1:53184 [200]: /DrugFixerBox.php
[Wed Jun 13 18:17:06 2018] ::1:53185 [200]: /DrugFixerBox.php
[Wed Jun 13 18:17:10 2018] ::1:53186 [200]: /DrugFixerBox.php
[Wed Jun 13 18:17:16 2018] ::1:53187 [200]: /DrugFixerBox.php
[Wed Jun 13 18:17:22 2018] ::1:53188 [200]: /DrugFixerBox.php
[Wed Jun 13 18:17:30 2018] ::1:53189 [200]: /DrugFixerBox.php
[Wed Jun 13 18:17:35 2018] ::1:53190 [200]: /DrugFixerBox.php
[Wed Jun 13 18:17:48 2018] ::1:53191 [200]: /DrugFixerBox.php
[Wed Jun 13 18:17:50 2018] ::1:53192 [200]: /DrugFixerBox.php
[Wed Jun 13 18:18:03 2018] ::1:53193 [200]: /DrugFixerBox.php
[Wed Jun 13 18:18:13 2018] ::1:53194 [200]: /DrugFixerBox.php
[Wed Jun 13 18:18:27 2018] ::1:53195 [200]: /DrugFixerBox.php
[Wed Jun 13 18:20:10 2018] ::1:53203 [200]: /DrugFixerBox.php
[Wed Jun 13 18:20:14 2018] ::1:53204 [200]: /DrugFixerBox.php
[Wed Jun 13 18:20:18 2018] ::1:53205 [200]: /DrugFixerBox.php
[Wed Jun 13 18:20:29 2018] ::1:53206 [200]: /DrugFixerBox.php
[Wed Jun 13 18:20:40 2018] ::1:53207 [200]: /DrugFixerBox.php
